<?xml version="1.0" encoding="UTF-8"?>
<!-- Generated by org.testng.reporters.JUnitReportReporter -->
<testsuite hostname="DESKTOP-0S337OL" failures="0" tests="1" name="tryToTesting.SwagLabTests" time="56.053" errors="0" timestamp="2025-01-31T22:20:03 GMT+06:00" skipped="0">
  <testcase classname="tryToTesting.SwagLabTests" name="testPurchaseProduct" time="56.053"/>
  <system-out/>
</testsuite> <!-- tryToTesting.SwagLabTests -->
